<?xml version="1.0" encoding="UTF-8"?>
<!-- Generated by org.testng.reporters.JUnitXMLReporter -->
<testsuite hostname="MT-5CG14191J3" failures="0" tests="3" name="AdminSidetestcases" time="0.147" errors="0" timestamp="5 May 2023 08:10:58 GMT">
  <testcase classname="Package1.Launch1" name="@BeforeTest setup" time="0.0">
    <failure type="java.lang.IllegalStateException" message="The driver executable must exist: C:\Users\M1088277\eclipse-workspace15\TestProject1\.\drivers\chromedriver.exe">
      <![CDATA[java.lang.IllegalStateException: The driver executable must exist: C:\Users\M1088277\eclipse-workspace15\TestProject1\.\drivers\chromedriver.exe
	at org.openqa.selenium.internal.Require$FileStateChecker.isFile(Require.java:342)
	at org.openqa.selenium.remote.service.DriverService.checkExecutable(DriverService.java:147)
	at org.openqa.selenium.remote.service.DriverService.findExecutable(DriverService.java:142)
	at org.openqa.selenium.chrome.ChromeDriverService.access$000(ChromeDriverService.java:38)
	at org.openqa.selenium.chrome.ChromeDriverService$Builder.findDefaultExecutable(ChromeDriverService.java:231)
	at org.openqa.selenium.remote.service.DriverService$Builder.build(DriverService.java:437)
	at org.openqa.selenium.chrome.ChromeDriverService.createDefaultService(ChromeDriverService.java:127)
	at org.openqa.selenium.chrome.ChromeDriver.<init>(ChromeDriver.java:48)
	at Package1.Launch1.setup(Launch1.java:22)
... Removed 22 stack frames]]>
    </failure>
  </testcase> <!-- @BeforeTest setup -->
  <testcase classname="Package1.Launch1" name="@AfterTest teardown" time="0.0">
    <skipped/>
  </testcase> <!-- @AfterTest teardown -->
  <testcase classname="Package1.Launch1" name="loginTest" time="0.002">
    <skipped/>
  </testcase> <!-- loginTest -->
  <testcase classname="Package1.Launch1" name="studentProfile" time="0.0">
    <skipped/>
  </testcase> <!-- studentProfile -->
  <testcase classname="Package1.Launch1" name="studentgroup" time="0.002">
    <skipped/>
  </testcase> <!-- studentgroup -->
</testsuite> <!-- AdminSidetestcases -->
