<?xml version="1.0" encoding="UTF-8"?>
<testng-results total="1" passed="1" failed="0" skipped="0">
  <reporter-output>
  </reporter-output>
  <suite started-at="2023-05-15T07:54:45Z" name="Suite" finished-at="2023-05-15T07:55:40Z" duration-ms="55544">
    <groups>
    </groups>
    <test started-at="2023-05-15T07:54:45Z" name="Test" finished-at="2023-05-15T07:55:40Z" duration-ms="55544">
      <class name="Package1.Launch1">
        <test-method is-config="true" signature="setup()[pri:0, instance:Package1.Launch1@13ad5cd3]" started-at="2023-05-15T13:24:45Z" name="setup" finished-at="2023-05-15T13:25:40Z" duration-ms="55512" status="PASS">
          <reporter-output>
          </reporter-output>
        </test-method> <!-- setup -->
        <test-method signature="loginTest()[pri:1, instance:Package1.Launch1@13ad5cd3]" started-at="2023-05-15T13:25:40Z" name="loginTest" finished-at="2023-05-15T13:25:40Z" duration-ms="12" status="PASS">
          <reporter-output>
          </reporter-output>
        </test-method> <!-- loginTest -->
      </class> <!-- Package1.Launch1 -->
    </test> <!-- Test -->
  </suite> <!-- Suite -->
</testng-results>
